<?xml version="1.0" encoding="UTF-8"?>
<!-- Generated by org.testng.reporters.JUnitXMLReporter -->
<testsuite ignored="0" hostname="LAPTOP-ODIK6SBS" failures="0" tests="3" name="DailPadPage" time="29.198" errors="0" timestamp="2023-12-17T18:41:35 BDT">
  <testcase classname="Tests.DailPadTest" name="openDialPadeOptionTest" time="3.978"/>
  <testcase classname="Tests.DailPadTest" name="dialNumberTest" time="20.418"/>
  <testcase classname="Tests.DailPadTest" name="callTheNumberTest" time="4.129"/>
</testsuite> <!-- DailPadPage -->
