<?xml version="1.0" encoding="UTF-8"?>
<!-- Generated by org.testng.reporters.JUnitXMLReporter -->
<testsuite ignored="0" hostname="LAPTOP-ODIK6SBS" failures="0" tests="3" name="incallTest" time="11.808" errors="0" timestamp="2023-12-17T18:41:47 BDT">
  <testcase classname="Tests.CallingPageTest" name="speakerTest" time="4.317"/>
  <testcase classname="Tests.CallingPageTest" name="unmuteTest" time="4.051"/>
  <testcase classname="Tests.CallingPageTest" name="endCallTest" time="3.34"/>
</testsuite> <!-- incallTest -->
