<?xml version="1.0" encoding="UTF-8"?>
<!-- Generated by org.testng.reporters.JUnitXMLReporter -->
<testsuite ignored="0" hostname="LAPTOP-ODIK6SBS" failures="0" tests="3" name="incallTest" time="10.857" errors="0" timestamp="2023-12-17T16:27:01 BDT">
  <testcase classname="Tests.CallingPageTest" name="speakerTest" time="3.836"/>
  <testcase classname="Tests.CallingPageTest" name="unmuteTest" time="3.381"/>
  <testcase classname="Tests.CallingPageTest" name="endCallTest" time="3.555"/>
</testsuite> <!-- incallTest -->
