<?xml version="1.0" encoding="UTF-8"?>
<!-- Generated by org.testng.reporters.JUnitXMLReporter -->
<testsuite ignored="0" hostname="LAPTOP-ODIK6SBS" failures="0" tests="6" name="RecentsPageTest" time="30.184" errors="0" timestamp="2023-12-17T18:42:17 BDT">
  <testcase classname="Tests.RecentsPageTest" name="recentCallLogTest" time="6.687"/>
  <testcase classname="Tests.RecentsPageTest" name="blockFunctionalityCheck" time="6.673"/>
  <testcase classname="Tests.RecentsPageTest" name="unblockFunctionalityTest" time="6.674"/>
  <testcase classname="Tests.RecentsPageTest" name="ClickOntheCallDetailsOption" time="3.39"/>
  <testcase classname="Tests.RecentsPageTest" name="deleteTheNumber" time="3.328"/>
  <testcase classname="Tests.RecentsPageTest" name="traverseContactPage" time="3.34"/>
</testsuite> <!-- RecentsPageTest -->
