<?xml version="1.0" encoding="UTF-8"?>
<testng-results ignored="0" total="16" passed="16" failed="0" skipped="0">
  <reporter-output>
  </reporter-output>
  <suite started-at="2023-12-17T18:41:06 BDT" name="phoneCall.apk" finished-at="2023-12-17T18:42:51 BDT" duration-ms="105133">
    <groups>
    </groups>
    <test started-at="2023-12-17T18:41:06 BDT" name="DailPadPage" finished-at="2023-12-17T18:41:35 BDT" duration-ms="29198">
      <class name="Tests.DailPadTest">
        <test-method is-config="true" signature="start()[pri:0, instance:Tests.DailPadTest@2767e23c]" started-at="2023-12-17T18:41:06 BDT" name="start" finished-at="2023-12-17T18:41:06 BDT" duration-ms="294" status="PASS">
          <reporter-output>
          </reporter-output>
        </test-method> <!-- start -->
        <test-method signature="openDialPadeOptionTest()[pri:0, instance:Tests.DailPadTest@2767e23c]" started-at="2023-12-17T18:41:06 BDT" name="openDialPadeOptionTest" finished-at="2023-12-17T18:41:10 BDT" duration-ms="3978" status="PASS">
          <reporter-output>
          </reporter-output>
        </test-method> <!-- openDialPadeOptionTest -->
        <test-method signature="dialNumberTest()[pri:1, instance:Tests.DailPadTest@2767e23c]" started-at="2023-12-17T18:41:10 BDT" name="dialNumberTest" finished-at="2023-12-17T18:41:30 BDT" duration-ms="20418" status="PASS">
          <reporter-output>
          </reporter-output>
        </test-method> <!-- dialNumberTest -->
        <test-method signature="callTheNumberTest()[pri:2, instance:Tests.DailPadTest@2767e23c]" started-at="2023-12-17T18:41:30 BDT" name="callTheNumberTest" finished-at="2023-12-17T18:41:35 BDT" duration-ms="4129" status="PASS">
          <reporter-output>
          </reporter-output>
        </test-method> <!-- callTheNumberTest -->
        <test-method is-config="true" signature="report()[pri:0, instance:Tests.DailPadTest@2767e23c]" started-at="2023-12-17T18:41:35 BDT" name="report" finished-at="2023-12-17T18:41:35 BDT" duration-ms="331" status="PASS">
          <reporter-output>
          </reporter-output>
        </test-method> <!-- report -->
      </class> <!-- Tests.DailPadTest -->
    </test> <!-- DailPadPage -->
    <test started-at="2023-12-17T18:41:35 BDT" name="incallTest" finished-at="2023-12-17T18:41:47 BDT" duration-ms="11808">
      <class name="Tests.CallingPageTest">
        <test-method is-config="true" signature="start()[pri:0, instance:Tests.CallingPageTest@71075444]" started-at="2023-12-17T18:41:35 BDT" name="start" finished-at="2023-12-17T18:41:35 BDT" duration-ms="5" status="PASS">
          <reporter-output>
          </reporter-output>
        </test-method> <!-- start -->
        <test-method signature="speakerTest()[pri:0, instance:Tests.CallingPageTest@71075444]" started-at="2023-12-17T18:41:35 BDT" name="speakerTest" finished-at="2023-12-17T18:41:39 BDT" duration-ms="4317" status="PASS">
          <reporter-output>
          </reporter-output>
        </test-method> <!-- speakerTest -->
        <test-method signature="unmuteTest()[pri:1, instance:Tests.CallingPageTest@71075444]" started-at="2023-12-17T18:41:39 BDT" name="unmuteTest" finished-at="2023-12-17T18:41:43 BDT" duration-ms="4051" status="PASS">
          <reporter-output>
          </reporter-output>
        </test-method> <!-- unmuteTest -->
        <test-method signature="endCallTest()[pri:2, instance:Tests.CallingPageTest@71075444]" started-at="2023-12-17T18:41:43 BDT" name="endCallTest" finished-at="2023-12-17T18:41:47 BDT" duration-ms="3340" status="PASS">
          <reporter-output>
          </reporter-output>
        </test-method> <!-- endCallTest -->
        <test-method is-config="true" signature="report()[pri:0, instance:Tests.CallingPageTest@71075444]" started-at="2023-12-17T18:41:47 BDT" name="report" finished-at="2023-12-17T18:41:47 BDT" duration-ms="87" status="PASS">
          <reporter-output>
          </reporter-output>
        </test-method> <!-- report -->
      </class> <!-- Tests.CallingPageTest -->
    </test> <!-- incallTest -->
    <test started-at="2023-12-17T18:41:47 BDT" name="RecentsPageTest" finished-at="2023-12-17T18:42:17 BDT" duration-ms="30184">
      <class name="Tests.RecentsPageTest">
        <test-method is-config="true" signature="start()[pri:0, instance:Tests.RecentsPageTest@740fb309]" started-at="2023-12-17T18:41:47 BDT" name="start" finished-at="2023-12-17T18:41:47 BDT" duration-ms="2" status="PASS">
          <reporter-output>
          </reporter-output>
        </test-method> <!-- start -->
        <test-method signature="recentCallLogTest()[pri:0, instance:Tests.RecentsPageTest@740fb309]" started-at="2023-12-17T18:41:47 BDT" name="recentCallLogTest" finished-at="2023-12-17T18:41:53 BDT" duration-ms="6687" status="PASS">
          <reporter-output>
          </reporter-output>
        </test-method> <!-- recentCallLogTest -->
        <test-method signature="blockFunctionalityCheck()[pri:1, instance:Tests.RecentsPageTest@740fb309]" started-at="2023-12-17T18:41:53 BDT" name="blockFunctionalityCheck" finished-at="2023-12-17T18:42:00 BDT" duration-ms="6673" status="PASS">
          <reporter-output>
          </reporter-output>
        </test-method> <!-- blockFunctionalityCheck -->
        <test-method signature="unblockFunctionalityTest()[pri:2, instance:Tests.RecentsPageTest@740fb309]" started-at="2023-12-17T18:42:00 BDT" name="unblockFunctionalityTest" finished-at="2023-12-17T18:42:07 BDT" duration-ms="6674" status="PASS">
          <reporter-output>
          </reporter-output>
        </test-method> <!-- unblockFunctionalityTest -->
        <test-method signature="ClickOntheCallDetailsOption()[pri:3, instance:Tests.RecentsPageTest@740fb309]" started-at="2023-12-17T18:42:07 BDT" name="ClickOntheCallDetailsOption" finished-at="2023-12-17T18:42:10 BDT" duration-ms="3390" status="PASS">
          <reporter-output>
          </reporter-output>
        </test-method> <!-- ClickOntheCallDetailsOption -->
        <test-method signature="deleteTheNumber()[pri:4, instance:Tests.RecentsPageTest@740fb309]" started-at="2023-12-17T18:42:10 BDT" name="deleteTheNumber" finished-at="2023-12-17T18:42:13 BDT" duration-ms="3328" status="PASS">
          <reporter-output>
          </reporter-output>
        </test-method> <!-- deleteTheNumber -->
        <test-method signature="traverseContactPage()[pri:5, instance:Tests.RecentsPageTest@740fb309]" started-at="2023-12-17T18:42:13 BDT" name="traverseContactPage" finished-at="2023-12-17T18:42:17 BDT" duration-ms="3340" status="PASS">
          <reporter-output>
          </reporter-output>
        </test-method> <!-- traverseContactPage -->
        <test-method is-config="true" signature="report()[pri:0, instance:Tests.RecentsPageTest@740fb309]" started-at="2023-12-17T18:42:17 BDT" name="report" finished-at="2023-12-17T18:42:17 BDT" duration-ms="81" status="PASS">
          <reporter-output>
          </reporter-output>
        </test-method> <!-- report -->
      </class> <!-- Tests.RecentsPageTest -->
    </test> <!-- RecentsPageTest -->
    <test started-at="2023-12-17T18:42:17 BDT" name="ContactsPageTest" finished-at="2023-12-17T18:42:51 BDT" duration-ms="33877">
      <class name="Tests.ContactsPageTest">
        <test-method is-config="true" signature="setAndroiDriver()[pri:0, instance:Tests.ContactsPageTest@5745ca0e]" started-at="2023-12-17T18:40:58 BDT" name="setAndroiDriver" finished-at="2023-12-17T18:41:06 BDT" duration-ms="7686" status="PASS">
          <reporter-output>
          </reporter-output>
        </test-method> <!-- setAndroiDriver -->
        <test-method is-config="true" signature="start()[pri:0, instance:Tests.ContactsPageTest@5745ca0e]" started-at="2023-12-17T18:42:17 BDT" name="start" finished-at="2023-12-17T18:42:17 BDT" duration-ms="1" status="PASS">
          <reporter-output>
          </reporter-output>
        </test-method> <!-- start -->
        <test-method signature="recentCallLogTest()[pri:0, instance:Tests.ContactsPageTest@5745ca0e]" started-at="2023-12-17T18:42:17 BDT" name="recentCallLogTest" finished-at="2023-12-17T18:42:20 BDT" duration-ms="3393" status="PASS">
          <reporter-output>
          </reporter-output>
        </test-method> <!-- recentCallLogTest -->
        <test-method signature="createAnewContact()[pri:1, instance:Tests.ContactsPageTest@5745ca0e]" started-at="2023-12-17T18:42:20 BDT" name="createAnewContact" finished-at="2023-12-17T18:42:29 BDT" duration-ms="8634" status="PASS">
          <reporter-output>
          </reporter-output>
        </test-method> <!-- createAnewContact -->
        <test-method signature="updateTheContact()[pri:2, instance:Tests.ContactsPageTest@5745ca0e]" started-at="2023-12-17T18:42:29 BDT" name="updateTheContact" finished-at="2023-12-17T18:42:40 BDT" duration-ms="11056" status="PASS">
          <reporter-output>
          </reporter-output>
        </test-method> <!-- updateTheContact -->
        <test-method signature="deleteTheContact()[pri:3, instance:Tests.ContactsPageTest@5745ca0e]" started-at="2023-12-17T18:42:40 BDT" name="deleteTheContact" finished-at="2023-12-17T18:42:51 BDT" duration-ms="10662" status="PASS">
          <reporter-output>
          </reporter-output>
        </test-method> <!-- deleteTheContact -->
        <test-method is-config="true" signature="report()[pri:0, instance:Tests.ContactsPageTest@5745ca0e]" started-at="2023-12-17T18:42:51 BDT" name="report" finished-at="2023-12-17T18:42:51 BDT" duration-ms="120" status="PASS">
          <reporter-output>
          </reporter-output>
        </test-method> <!-- report -->
        <test-method is-config="true" signature="closeApp()[pri:0, instance:Tests.ContactsPageTest@5745ca0e]" started-at="2023-12-17T18:42:51 BDT" name="closeApp" finished-at="2023-12-17T18:42:51 BDT" duration-ms="407" status="PASS">
          <reporter-output>
          </reporter-output>
        </test-method> <!-- closeApp -->
      </class> <!-- Tests.ContactsPageTest -->
    </test> <!-- ContactsPageTest -->
  </suite> <!-- phoneCall.apk -->
</testng-results>
